<?xml version="1.0" encoding="UTF-8"?>
<!-- Generated by org.testng.reporters.JUnitReportReporter -->
<testsuite hostname="CS78-PC" name="TestNG.testNG" tests="2" failures="0" timestamp="9 Sep 2019 07:36:25 GMT" time="17.392" errors="0">
  <testcase name="VerifyURL" time="6.556" classname="TestNG.testNG"/>
  <testcase name="verifyURL2" time="10.836" classname="TestNG.testNG"/>
</testsuite> <!-- TestNG.testNG -->
